0 info it worked if it ends with ok
1 verbose cli [ 'node', '/usr/local/bin/npm', 'install', '-g', '-npm' ]
2 info using npm@2.1.1
3 info using node@v0.10.35
4 verbose cache add [ '.', null ]
5 verbose cache add spec="." args=[".",null]
6 verbose parsed spec { raw: '.',
6 verbose parsed spec   scope: null,
6 verbose parsed spec   name: null,
6 verbose parsed spec   rawSpec: '.',
6 verbose parsed spec   spec: '/Users/David/Documents/Work/git/fairsplit',
6 verbose parsed spec   type: 'local' }
7 verbose parsed spec { raw: '/Users/David/Documents/Work/git/fairsplit',
7 verbose parsed spec   scope: null,
7 verbose parsed spec   name: null,
7 verbose parsed spec   rawSpec: '/Users/David/Documents/Work/git/fairsplit',
7 verbose parsed spec   spec: '/Users/David/Documents/Work/git/fairsplit',
7 verbose parsed spec   type: 'local' }
8 verbose stack Error: couldn't figure out how to install /Users/David/Documents/Work/git/fairsplit
8 verbose stack     at addNonLocal (/usr/local/lib/node_modules/npm/lib/cache.js:310:12)
8 verbose stack     at /usr/local/lib/node_modules/npm/lib/cache.js:282:22
8 verbose stack     at Object.oncomplete (evalmachine.<anonymous>:108:15)
9 verbose cwd /Users/David/Documents/Work/git/fairsplit
10 error Darwin 14.0.0
11 error argv "node" "/usr/local/bin/npm" "install" "-g" "-npm"
12 error node v0.10.35
13 error npm  v2.1.1
14 error couldn't figure out how to install /Users/David/Documents/Work/git/fairsplit
15 error If you need help, you may report this error at:
15 error     <http://github.com/npm/npm/issues>
16 verbose exit [ 1, true ]
